npm info it worked if it ends with ok
npm info using npm@3.10.10
npm info using node@v6.10.0
npm info lifecycle test-proj@1.0.0~pretest: test-proj@1.0.0
npm info lifecycle test-proj@1.0.0~test: test-proj@1.0.0

> test-proj@1.0.0 test /usr/src/app
> jest

 FAIL  __tests__/0.js
  ● adds 1 + 2 to equal 3

    expect(received).toBe(expected)
    
    Expected value to be (using ===):
      3
    Received:
      -1
      
      at Object.<anonymous> (__tests__/0.js:11:28)

  ✕ adds 1 + 2 to equal 3 (11ms)

Test Suites: 1 failed, 1 total
Tests:       1 failed, 1 total
Snapshots:   0 total
Time:        1.774s
Ran all test suites.

npm info lifecycle test-proj@1.0.0~test: Failed to exec test script
npm ERR! Linux 4.9.8-moby
npm ERR! argv "/usr/local/bin/node" "/usr/local/bin/npm" "run" "test"
npm ERR! node v6.10.0
npm ERR! npm  v3.10.10
npm ERR! code ELIFECYCLE
npm ERR! test-proj@1.0.0 test: `jest`
npm ERR! Exit status 1
npm ERR! 
npm ERR! Failed at the test-proj@1.0.0 test script 'jest'.
npm ERR! Make sure you have the latest version of node.js and npm installed.
npm ERR! If you do, this is most likely a problem with the test-proj package,
npm ERR! not with npm itself.
npm ERR! Tell the author that this fails on your system:
npm ERR!     jest
npm ERR! You can get information on how to open an issue for this project with:
npm ERR!     npm bugs test-proj
npm ERR! Or if that isn't available, you can get their info via:
npm ERR!     npm owner ls test-proj
npm ERR! There is likely additional logging output above.

npm ERR! Please include the following file with any support request:
npm ERR!     /usr/src/app/npm-debug.log
